Using pre-set license
Built from '2020.3/staging' branch; Version is '2020.3.21f1 (a38c86f6690f) revision 10718342'; Using compiler version '192528614'; Build Type 'Release'
OS: 'Windows 10 Pro; OS build 19044.1348; Version 2009; 64bit' Language: 'zh' Physical Memory: 32625 MB
BatchMode: 1, IsHumanControllingUs: 0, StartBugReporterOnCrash: 0, Is64bit: 1, IsPro: 0

COMMAND LINE ARGUMENTS:
C:\Program Files\Unity\Hub\Editor\2020.3.21f1\Editor\Unity.exe
-adb2
-batchMode
-noUpm
-name
AssetImportWorker0
-projectPath
C:/KID/Projects/Unity/Unity_Lion_VRTK_20211222/Lion_VRTK_20211222
-logFile
Logs/AssetImportWorker0.log
-srvPort
11524
Successfully changed project path to: C:/KID/Projects/Unity/Unity_Lion_VRTK_20211222/Lion_VRTK_20211222
C:/KID/Projects/Unity/Unity_Lion_VRTK_20211222/Lion_VRTK_20211222
Using Asset Import Pipeline V2.
Refreshing native plugins compatible for Editor in 58.83 ms, found 2 plugins.
Preloading 0 native plugins for Editor in 0.00 ms.
Initialize engine version: 2020.3.21f1 (a38c86f6690f)
[Subsystems] Discovering subsystems at path C:/Program Files/Unity/Hub/Editor/2020.3.21f1/Editor/Data/Resources/UnitySubsystems
[Subsystems] Discovering subsystems at path C:/KID/Projects/Unity/Unity_Lion_VRTK_20211222/Lion_VRTK_20211222/Assets
GfxDevice: creating device client; threaded=0
Direct3D:
    Version:  Direct3D 11.0 [level 11.1]
    Renderer: NVIDIA GeForce RTX 2070 with Max-Q Design (ID=0x1f10)
    Vendor:   
    VRAM:     8031 MB
    Driver:   27.21.14.6275
Initialize mono
Mono path[0] = 'C:/Program Files/Unity/Hub/Editor/2020.3.21f1/Editor/Data/Managed'
Mono path[1] = 'C:/Program Files/Unity/Hub/Editor/2020.3.21f1/Editor/Data/MonoBleedingEdge/lib/mono/unityjit'
Mono config path = 'C:/Program Files/Unity/Hub/Editor/2020.3.21f1/Editor/Data/MonoBleedingEdge/etc'
Using monoOptions --debugger-agent=transport=dt_socket,embedding=1,server=y,suspend=n,address=127.0.0.1:56992
Begin MonoManager ReloadAssembly
Registering precompiled unity dll's ...
Register platform support module: C:/Program Files/Unity/Hub/Editor/2020.3.21f1/Editor/Data/PlaybackEngines/WebGLSupport/UnityEditor.WebGL.Extensions.dll
Register platform support module: C:/Program Files/Unity/Hub/Editor/2020.3.21f1/Editor/Data/PlaybackEngines/WindowsStandaloneSupport/UnityEditor.WindowsStandalone.Extensions.dll
Registered in 0.004654 seconds.
Native extension for WindowsStandalone target not found
Native extension for WebGL target not found
Refreshing native plugins compatible for Editor in 72.63 ms, found 2 plugins.
Preloading 0 native plugins for Editor in 0.00 ms.
Mono: successfully reloaded assembly
- Completed reload, in  3.093 seconds
Domain Reload Profiling:
	ReloadAssembly (3093ms)
		BeginReloadAssembly (111ms)
			ExecutionOrderSort (0ms)
			DisableScriptedObjects (0ms)
			BackupInstance (0ms)
			ReleaseScriptingObjects (0ms)
			CreateAndSetChildDomain (1ms)
		EndReloadAssembly (783ms)
			LoadAssemblies (105ms)
			RebuildTransferFunctionScriptingTraits (0ms)
			SetupTypeCache (267ms)
			ReleaseScriptCaches (0ms)
			RebuildScriptCaches (42ms)
			SetupLoadedEditorAssemblies (307ms)
				LogAssemblyErrors (0ms)
				InitializePlatformSupportModulesInManaged (9ms)
				SetLoadedEditorAssemblies (0ms)
				RefreshPlugins (73ms)
				BeforeProcessingInitializeOnLoad (28ms)
				ProcessInitializeOnLoadAttributes (143ms)
				ProcessInitializeOnLoadMethodAttributes (54ms)
				AfterProcessingInitializeOnLoad (0ms)
				EditorAssembliesLoaded (0ms)
			ExecutionOrderSort2 (0ms)
			AwakeInstancesAfterBackupRestoration (0ms)
Platform modules already initialized, skipping
Registering precompiled user dll's ...
Registered in 0.008508 seconds.
Begin MonoManager ReloadAssembly
Native extension for WindowsStandalone target not found
Native extension for WebGL target not found
Refreshing native plugins compatible for Editor in 1.50 ms, found 2 plugins.
Preloading 0 native plugins for Editor in 0.00 ms.
Mono: successfully reloaded assembly
- Completed reload, in  1.441 seconds
Domain Reload Profiling:
	ReloadAssembly (1442ms)
		BeginReloadAssembly (218ms)
			ExecutionOrderSort (0ms)
			DisableScriptedObjects (6ms)
			BackupInstance (0ms)
			ReleaseScriptingObjects (0ms)
			CreateAndSetChildDomain (34ms)
		EndReloadAssembly (1149ms)
			LoadAssemblies (146ms)
			RebuildTransferFunctionScriptingTraits (0ms)
			SetupTypeCache (380ms)
			ReleaseScriptCaches (1ms)
			RebuildScriptCaches (76ms)
			SetupLoadedEditorAssemblies (431ms)
				LogAssemblyErrors (0ms)
				InitializePlatformSupportModulesInManaged (7ms)
				SetLoadedEditorAssemblies (1ms)
				RefreshPlugins (2ms)
				BeforeProcessingInitializeOnLoad (115ms)
				ProcessInitializeOnLoadAttributes (283ms)
				ProcessInitializeOnLoadMethodAttributes (14ms)
				AfterProcessingInitializeOnLoad (8ms)
				EditorAssembliesLoaded (0ms)
			ExecutionOrderSort2 (0ms)
			AwakeInstancesAfterBackupRestoration (8ms)
Platform modules already initialized, skipping
========================================================================
Worker process is ready to serve import requests
Launched and connected shader compiler UnityShaderCompiler.exe after 0.13 seconds
Refreshing native plugins compatible for Editor in 0.56 ms, found 2 plugins.
Preloading 0 native plugins for Editor in 0.00 ms.
Unloading 1853 Unused Serialized files (Serialized files now loaded: 0)
System memory in use before: 80.9 MB.
System memory in use after: 81.0 MB.

Unloading 19 unused Assets to reduce memory usage. Loaded Objects now: 2286.
Total: 4.537600 ms (FindLiveObjects: 0.283800 ms CreateObjectMapping: 0.091200 ms MarkObjects: 4.004900 ms  DeleteObjects: 0.156000 ms)

AssetImportParameters requested are different than current active one (requested -> active):
  custom:framework-win-MediaFoundation: 216162199b28c13a410421893ffa2e32 -> 
  custom:video-decoder-ogg-theora: a1e56fd34408186e4bbccfd4996cb3dc -> 
  custom:container-muxer-webm: aa71ff27fc2769a1b78a27578f13a17b -> 
  custom:container-demuxer-webm: 4f35f7cbe854078d1ac9338744f61a02 -> 
  custom:container-demuxer-ogg: 62fdf1f143b41e24485cea50d1cbac27 -> 
  custom:video-encoder-webm-vp8: eb34c28f22e8b96e1ab97ce403110664 -> 
  custom:video-codec-MediaFoundation-h265: 746d11721c4dcdbdad8f713fa42b33f4 -> 
  custom:video-decoder-webm-vp8: 9c59270c3fd7afecdb556c50c9e8de78 -> 
  custom:audio-decoder-ogg-vorbis: bf7c407c2cedff20999df2af8eb42d56 -> 
  custom:audio-encoder-webm-vorbis: bf7c407c2cedff20999df2af8eb42d56 -> 
========================================================================
Received Import Request.
  path: Assets/VRTK/Source/SDK/Unity/[UnityBase_CameraRig].prefab
  artifactKey: Guid(6e3616974e30ab643bbe690a06e53881) Importer(815301076,1909f56bfc062723c751e8b465ee728b)
Start importing Assets/VRTK/Source/SDK/Unity/[UnityBase_CameraRig].prefab using Guid(6e3616974e30ab643bbe690a06e53881) Importer(815301076,1909f56bfc062723c751e8b465ee728b)  -> (artifact id: '92383be91b20593d85dca5ec44149c6b') in 0.078365 seconds 
  Import took 0.083220 seconds .

========================================================================
Received Import Request.
  Time since last request: 260.366661 seconds.
  path: Assets/Scripts
  artifactKey: Guid(423fecee4fb424a4ea0c20dbadd688f4) Importer(815301076,1909f56bfc062723c751e8b465ee728b)
Start importing Assets/Scripts using Guid(423fecee4fb424a4ea0c20dbadd688f4) Importer(815301076,1909f56bfc062723c751e8b465ee728b)  -> (artifact id: '2b5aefa9bb129dc5bb09108605e9c093') in 0.011227 seconds 
  Import took 0.015933 seconds .

========================================================================
Received Import Request.
  Time since last request: 39.587064 seconds.
  path: Assets/Scripts/XRSettingsUtil.cs
  artifactKey: Guid(5fb8f5cce8e641042b71aecd09619e01) Importer(815301076,1909f56bfc062723c751e8b465ee728b)
Start importing Assets/Scripts/XRSettingsUtil.cs using Guid(5fb8f5cce8e641042b71aecd09619e01) Importer(815301076,1909f56bfc062723c751e8b465ee728b)  -> (artifact id: '0b29c7859d013dc51db159c4b00867b0') in 0.019089 seconds 
  Import took 0.026205 seconds .

========================================================================
Received Import Request.
  Time since last request: 118.506159 seconds.
  path: Assets/Scripts/XRSettingsUtil.cs
  artifactKey: Guid(5fb8f5cce8e641042b71aecd09619e01) Importer(815301076,1909f56bfc062723c751e8b465ee728b)
Start importing Assets/Scripts/XRSettingsUtil.cs using Guid(5fb8f5cce8e641042b71aecd09619e01) Importer(815301076,1909f56bfc062723c751e8b465ee728b)  -> (artifact id: '4f04415b441562b35280ca73e2c68f6b') in 0.005663 seconds 
  Import took 0.012455 seconds .

========================================================================
Received Import Request.
  Time since last request: 95.526348 seconds.
  path: Assets/Scripts/XRSettingsUtil.cs
  artifactKey: Guid(5fb8f5cce8e641042b71aecd09619e01) Importer(815301076,1909f56bfc062723c751e8b465ee728b)
Start importing Assets/Scripts/XRSettingsUtil.cs using Guid(5fb8f5cce8e641042b71aecd09619e01) Importer(815301076,1909f56bfc062723c751e8b465ee728b)  -> (artifact id: 'b265faf156407d976d598255763e3e12') in 0.005817 seconds 
  Import took 0.009715 seconds .

========================================================================
Received Import Request.
  Time since last request: 13.527963 seconds.
  path: Assets/Scripts/XRSettingsUtil.cs
  artifactKey: Guid(5fb8f5cce8e641042b71aecd09619e01) Importer(815301076,1909f56bfc062723c751e8b465ee728b)
Start importing Assets/Scripts/XRSettingsUtil.cs using Guid(5fb8f5cce8e641042b71aecd09619e01) Importer(815301076,1909f56bfc062723c751e8b465ee728b)  -> (artifact id: '4b7042dbebecb85a8c8866c0d9a923ff') in 0.006411 seconds 
  Import took 0.010547 seconds .

========================================================================
Received Import Request.
  Time since last request: 6.098395 seconds.
  path: Assets/Scripts/XRSettingsUtil.cs
  artifactKey: Guid(5fb8f5cce8e641042b71aecd09619e01) Importer(815301076,1909f56bfc062723c751e8b465ee728b)
Start importing Assets/Scripts/XRSettingsUtil.cs using Guid(5fb8f5cce8e641042b71aecd09619e01) Importer(815301076,1909f56bfc062723c751e8b465ee728b)  -> (artifact id: 'f9aad0214adf06c5a4d85c6ff1399aaf') in 0.005388 seconds 
  Import took 0.011460 seconds .

========================================================================
Received Import Request.
  Time since last request: 58.823417 seconds.
  path: Assets/Scripts/XRSettingsUtil.cs
  artifactKey: Guid(5fb8f5cce8e641042b71aecd09619e01) Importer(815301076,1909f56bfc062723c751e8b465ee728b)
Start importing Assets/Scripts/XRSettingsUtil.cs using Guid(5fb8f5cce8e641042b71aecd09619e01) Importer(815301076,1909f56bfc062723c751e8b465ee728b)  -> (artifact id: '73f0110efdc3e0772109445353d25fd9') in 0.006467 seconds 
  Import took 0.011742 seconds .

========================================================================
Received Import Request.
  Time since last request: 34.077294 seconds.
  path: Assets/Scripts/XRSettingsUtil.cs
  artifactKey: Guid(5fb8f5cce8e641042b71aecd09619e01) Importer(815301076,1909f56bfc062723c751e8b465ee728b)
Start importing Assets/Scripts/XRSettingsUtil.cs using Guid(5fb8f5cce8e641042b71aecd09619e01) Importer(815301076,1909f56bfc062723c751e8b465ee728b)  -> (artifact id: 'ae7d1f9ed5ffb7cf9492ae5b677f09b7') in 0.005558 seconds 
  Import took 0.010330 seconds .

========================================================================
Received Import Request.
  Time since last request: 51.529523 seconds.
  path: Assets/Scripts/XRSettingsUtil.cs
  artifactKey: Guid(5fb8f5cce8e641042b71aecd09619e01) Importer(815301076,1909f56bfc062723c751e8b465ee728b)
Start importing Assets/Scripts/XRSettingsUtil.cs using Guid(5fb8f5cce8e641042b71aecd09619e01) Importer(815301076,1909f56bfc062723c751e8b465ee728b)  -> (artifact id: '8028198df30bfb2a8536f6cb96727813') in 0.004629 seconds 
  Import took 0.009628 seconds .

========================================================================
Received Import Request.
  Time since last request: 13.838991 seconds.
  path: Assets/Scripts/XRSettingsUtil.cs
  artifactKey: Guid(5fb8f5cce8e641042b71aecd09619e01) Importer(815301076,1909f56bfc062723c751e8b465ee728b)
Start importing Assets/Scripts/XRSettingsUtil.cs using Guid(5fb8f5cce8e641042b71aecd09619e01) Importer(815301076,1909f56bfc062723c751e8b465ee728b)  -> (artifact id: 'd1496405dad5740029fe6e239e466b53') in 0.006288 seconds 
  Import took 0.011779 seconds .

========================================================================
Received Import Request.
  Time since last request: 365.947453 seconds.
  path: Assets/Scripts/XRSettingsUtil.cs
  artifactKey: Guid(5fb8f5cce8e641042b71aecd09619e01) Importer(815301076,1909f56bfc062723c751e8b465ee728b)
Start importing Assets/Scripts/XRSettingsUtil.cs using Guid(5fb8f5cce8e641042b71aecd09619e01) Importer(815301076,1909f56bfc062723c751e8b465ee728b)  -> (artifact id: '6f2aaf918e5e63c3ffb4474724a73e89') in 0.006032 seconds 
  Import took 0.013591 seconds .

========================================================================
Received Import Request.
  Time since last request: 17.223827 seconds.
  path: Assets/Scripts/XRSettingsUtil.cs
  artifactKey: Guid(5fb8f5cce8e641042b71aecd09619e01) Importer(815301076,1909f56bfc062723c751e8b465ee728b)
Start importing Assets/Scripts/XRSettingsUtil.cs using Guid(5fb8f5cce8e641042b71aecd09619e01) Importer(815301076,1909f56bfc062723c751e8b465ee728b)  -> (artifact id: 'ffe8cec65f7e2fc5c0762f1e31626f87') in 0.006051 seconds 
  Import took 0.012783 seconds .

========================================================================
Received Prepare
Registering precompiled user dll's ...
Registered in 0.006346 seconds.
Begin MonoManager ReloadAssembly
Native extension for WindowsStandalone target not found
Native extension for WebGL target not found
Refreshing native plugins compatible for Editor in 0.56 ms, found 2 plugins.
Preloading 0 native plugins for Editor in 0.00 ms.
[ScriptCompilation] NOT recompiling all scripts because this is an import worker process. Reason to compile was: Define symbols changed
Mono: successfully reloaded assembly
- Completed reload, in  1.643 seconds
Domain Reload Profiling:
	ReloadAssembly (1644ms)
		BeginReloadAssembly (150ms)
			ExecutionOrderSort (0ms)
			DisableScriptedObjects (8ms)
			BackupInstance (0ms)
			ReleaseScriptingObjects (0ms)
			CreateAndSetChildDomain (43ms)
		EndReloadAssembly (1394ms)
			LoadAssemblies (112ms)
			RebuildTransferFunctionScriptingTraits (0ms)
			SetupTypeCache (441ms)
			ReleaseScriptCaches (1ms)
			RebuildScriptCaches (81ms)
			SetupLoadedEditorAssemblies (570ms)
				LogAssemblyErrors (0ms)
				InitializePlatformSupportModulesInManaged (10ms)
				SetLoadedEditorAssemblies (1ms)
				RefreshPlugins (1ms)
				BeforeProcessingInitializeOnLoad (129ms)
				ProcessInitializeOnLoadAttributes (334ms)
				ProcessInitializeOnLoadMethodAttributes (83ms)
				AfterProcessingInitializeOnLoad (13ms)
				EditorAssembliesLoaded (1ms)
			ExecutionOrderSort2 (0ms)
			AwakeInstancesAfterBackupRestoration (12ms)
Platform modules already initialized, skipping
Refreshing native plugins compatible for Editor in 0.71 ms, found 2 plugins.
Preloading 0 native plugins for Editor in 0.00 ms.
Unloading 1842 Unused Serialized files (Serialized files now loaded: 0)
System memory in use before: 80.7 MB.
System memory in use after: 80.8 MB.

Unloading 14 unused Assets to reduce memory usage. Loaded Objects now: 2293.
Total: 4.362900 ms (FindLiveObjects: 0.250600 ms CreateObjectMapping: 0.095800 ms MarkObjects: 3.981100 ms  DeleteObjects: 0.034000 ms)

AssetImportParameters requested are different than current active one (requested -> active):
  custom:framework-win-MediaFoundation: 216162199b28c13a410421893ffa2e32 -> 
  custom:video-decoder-ogg-theora: a1e56fd34408186e4bbccfd4996cb3dc -> 
  custom:container-muxer-webm: aa71ff27fc2769a1b78a27578f13a17b -> 
  custom:container-demuxer-webm: 4f35f7cbe854078d1ac9338744f61a02 -> 
  custom:container-demuxer-ogg: 62fdf1f143b41e24485cea50d1cbac27 -> 
  custom:video-encoder-webm-vp8: eb34c28f22e8b96e1ab97ce403110664 -> 
  custom:video-codec-MediaFoundation-h265: 746d11721c4dcdbdad8f713fa42b33f4 -> 
  custom:video-decoder-webm-vp8: 9c59270c3fd7afecdb556c50c9e8de78 -> 
  custom:audio-decoder-ogg-vorbis: bf7c407c2cedff20999df2af8eb42d56 -> 
  custom:audio-encoder-webm-vorbis: bf7c407c2cedff20999df2af8eb42d56 -> 
========================================================================
Received Import Request.
  Time since last request: 497.786685 seconds.
  path: Assets/VRTK/Documentation.txt
  artifactKey: Guid(281a9c2411ccda941a44664041429059) Importer(815301076,1909f56bfc062723c751e8b465ee728b)
Start importing Assets/VRTK/Documentation.txt using Guid(281a9c2411ccda941a44664041429059) Importer(815301076,1909f56bfc062723c751e8b465ee728b)  -> (artifact id: '430fec5a17d1a02a34e8aa20f3f2084a') in 0.056724 seconds 
  Import took 0.061115 seconds .

========================================================================
Received Import Request.
  Time since last request: 10.374499 seconds.
  path: Assets/VRTK/README.pdf
  artifactKey: Guid(dec8f1a4cb9974c49bb72ac582a495cf) Importer(815301076,1909f56bfc062723c751e8b465ee728b)
Start importing Assets/VRTK/README.pdf using Guid(dec8f1a4cb9974c49bb72ac582a495cf) Importer(815301076,1909f56bfc062723c751e8b465ee728b)  -> (artifact id: 'da5f811009f092df28d0abbb7cda81a7') in 0.026090 seconds 
  Import took 0.030926 seconds .

========================================================================
Received Import Request.
  Time since last request: 81.621841 seconds.
  path: Assets/VRTK/Examples/[001 - Interactions] ControllerEvents.unity
  artifactKey: Guid(7ef04a272395bf04f8fdc6ec410f464e) Importer(815301076,1909f56bfc062723c751e8b465ee728b)
Start importing Assets/VRTK/Examples/[001 - Interactions] ControllerEvents.unity using Guid(7ef04a272395bf04f8fdc6ec410f464e) Importer(815301076,1909f56bfc062723c751e8b465ee728b)  -> (artifact id: '5b8491421da5c402426f37340824f38f') in 0.015650 seconds 
  Import took 0.022031 seconds .

========================================================================
Received Import Request.
  Time since last request: 183.614909 seconds.
  path: Assets/VRTK/Examples/[002 - Pointers] StraightPointer.unity
  artifactKey: Guid(a21359c56ac86e84e8c97daea769afb1) Importer(815301076,1909f56bfc062723c751e8b465ee728b)
Start importing Assets/VRTK/Examples/[002 - Pointers] StraightPointer.unity using Guid(a21359c56ac86e84e8c97daea769afb1) Importer(815301076,1909f56bfc062723c751e8b465ee728b)  -> (artifact id: '2d051e7c2399d9cf8082c3f8e6a2eeb3') in 0.021157 seconds 
  Import took 0.030106 seconds .

========================================================================
Received Import Request.
  Time since last request: 4.334830 seconds.
  path: Assets/VRTK/Examples/[003 - Pointers] BezierPointer.unity
  artifactKey: Guid(b096ca0211dc5e741b5975310caead66) Importer(815301076,1909f56bfc062723c751e8b465ee728b)
Start importing Assets/VRTK/Examples/[003 - Pointers] BezierPointer.unity using Guid(b096ca0211dc5e741b5975310caead66) Importer(815301076,1909f56bfc062723c751e8b465ee728b)  -> (artifact id: 'b38d4c1ca21a008ccd1baadf102d8a0a') in 0.013869 seconds 
  Import took 0.017978 seconds .

========================================================================
Received Import Request.
  Time since last request: 253.987554 seconds.
  path: Assets/VRTK/Examples/[004 - Locomotion] Teleporting.unity
  artifactKey: Guid(6e8d0241c1297f3498e571ad36aa813f) Importer(815301076,1909f56bfc062723c751e8b465ee728b)
Start importing Assets/VRTK/Examples/[004 - Locomotion] Teleporting.unity using Guid(6e8d0241c1297f3498e571ad36aa813f) Importer(815301076,1909f56bfc062723c751e8b465ee728b)  -> (artifact id: '3a939ac5ec9d85abea445e9fe853ce7f') in 0.013360 seconds 
  Import took 0.024534 seconds .

========================================================================
Received Import Request.
  Time since last request: 77.404998 seconds.
  path: Assets/VRTK/Examples/[005 - Interactions] InteractableObjects.unity
  artifactKey: Guid(bece393a6b2458142935d8d7562c52d7) Importer(815301076,1909f56bfc062723c751e8b465ee728b)
Start importing Assets/VRTK/Examples/[005 - Interactions] InteractableObjects.unity using Guid(bece393a6b2458142935d8d7562c52d7) Importer(815301076,1909f56bfc062723c751e8b465ee728b)  -> (artifact id: '28c7db6c7112a79ca63627b4f33ef069') in 0.020977 seconds 
  Import took 0.028972 seconds .

========================================================================
Received Import Request.
  Time since last request: 190.006993 seconds.
  path: Assets/VRTK/LegacyExampleFiles/037_CameraRig_ClimbingFalling.unity
  artifactKey: Guid(4afe6b510c29b90418f10c26d31329cf) Importer(815301076,1909f56bfc062723c751e8b465ee728b)
Start importing Assets/VRTK/LegacyExampleFiles/037_CameraRig_ClimbingFalling.unity using Guid(4afe6b510c29b90418f10c26d31329cf) Importer(815301076,1909f56bfc062723c751e8b465ee728b)  -> (artifact id: '9fdb03cb045c652739a1f172cddf8948') in 0.012532 seconds 
  Import took 0.018843 seconds .

========================================================================
Received Prepare
Registering precompiled user dll's ...
Registered in 0.006956 seconds.
Begin MonoManager ReloadAssembly
Native extension for WindowsStandalone target not found
Native extension for WebGL target not found
Refreshing native plugins compatible for Editor in 0.42 ms, found 2 plugins.
Preloading 0 native plugins for Editor in 0.00 ms.
Mono: successfully reloaded assembly
- Completed reload, in  1.656 seconds
Domain Reload Profiling:
	ReloadAssembly (1657ms)
		BeginReloadAssembly (325ms)
			ExecutionOrderSort (0ms)
			DisableScriptedObjects (8ms)
			BackupInstance (0ms)
			ReleaseScriptingObjects (0ms)
			CreateAndSetChildDomain (130ms)
		EndReloadAssembly (1218ms)
			LoadAssemblies (202ms)
			RebuildTransferFunctionScriptingTraits (0ms)
			SetupTypeCache (459ms)
			ReleaseScriptCaches (1ms)
			RebuildScriptCaches (56ms)
			SetupLoadedEditorAssemblies (427ms)
				LogAssemblyErrors (0ms)
				InitializePlatformSupportModulesInManaged (8ms)
				SetLoadedEditorAssemblies (1ms)
				RefreshPlugins (1ms)
				BeforeProcessingInitializeOnLoad (104ms)
				ProcessInitializeOnLoadAttributes (271ms)
				ProcessInitializeOnLoadMethodAttributes (31ms)
				AfterProcessingInitializeOnLoad (11ms)
				EditorAssembliesLoaded (0ms)
			ExecutionOrderSort2 (0ms)
			AwakeInstancesAfterBackupRestoration (8ms)
Platform modules already initialized, skipping
Refreshing native plugins compatible for Editor in 0.44 ms, found 2 plugins.
Preloading 0 native plugins for Editor in 0.00 ms.
Unloading 1842 Unused Serialized files (Serialized files now loaded: 0)
System memory in use before: 80.9 MB.
System memory in use after: 81.0 MB.

Unloading 14 unused Assets to reduce memory usage. Loaded Objects now: 2299.
Total: 3.550700 ms (FindLiveObjects: 0.210000 ms CreateObjectMapping: 0.076600 ms MarkObjects: 3.242000 ms  DeleteObjects: 0.021000 ms)

AssetImportParameters requested are different than current active one (requested -> active):
  custom:framework-win-MediaFoundation: 216162199b28c13a410421893ffa2e32 -> 
  custom:video-decoder-ogg-theora: a1e56fd34408186e4bbccfd4996cb3dc -> 
  custom:container-muxer-webm: aa71ff27fc2769a1b78a27578f13a17b -> 
  custom:container-demuxer-webm: 4f35f7cbe854078d1ac9338744f61a02 -> 
  custom:container-demuxer-ogg: 62fdf1f143b41e24485cea50d1cbac27 -> 
  custom:video-encoder-webm-vp8: eb34c28f22e8b96e1ab97ce403110664 -> 
  custom:video-codec-MediaFoundation-h265: 746d11721c4dcdbdad8f713fa42b33f4 -> 
  custom:video-decoder-webm-vp8: 9c59270c3fd7afecdb556c50c9e8de78 -> 
  custom:audio-decoder-ogg-vorbis: bf7c407c2cedff20999df2af8eb42d56 -> 
  custom:audio-encoder-webm-vorbis: bf7c407c2cedff20999df2af8eb42d56 -> 
========================================================================
Received Import Request.
  Time since last request: 326.940519 seconds.
  path: Assets/VRTK/Prefabs/SDKSetupSwitcher
  artifactKey: Guid(7efdcfd81e439574fb985fd7fac2585a) Importer(815301076,1909f56bfc062723c751e8b465ee728b)
Start importing Assets/VRTK/Prefabs/SDKSetupSwitcher using Guid(7efdcfd81e439574fb985fd7fac2585a) Importer(815301076,1909f56bfc062723c751e8b465ee728b)  -> (artifact id: '7fada8f7e951edd8023a0edb000b6348') in 0.013379 seconds 
  Import took 0.018935 seconds .

========================================================================
Received Import Request.
  Time since last request: 1.968781 seconds.
  path: Assets/VRTK/Prefabs/SDKSetupSwitcher/SDKSetupSwitcher.prefab
  artifactKey: Guid(d46cf6b1ad9d84a48ae7548a2a6b41b3) Importer(815301076,1909f56bfc062723c751e8b465ee728b)
Start importing Assets/VRTK/Prefabs/SDKSetupSwitcher/SDKSetupSwitcher.prefab using Guid(d46cf6b1ad9d84a48ae7548a2a6b41b3) Importer(815301076,1909f56bfc062723c751e8b465ee728b)  -> (artifact id: '8f517379cc0aceb0a20fd80af40daa1b') in 0.065389 seconds 
  Import took 0.069368 seconds .

========================================================================
Received Prepare
Registering precompiled user dll's ...
Registered in 0.018058 seconds.
Begin MonoManager ReloadAssembly
Native extension for WindowsStandalone target not found
Native extension for WebGL target not found
Refreshing native plugins compatible for Editor in 0.60 ms, found 2 plugins.
Preloading 0 native plugins for Editor in 0.00 ms.
Mono: successfully reloaded assembly
- Completed reload, in  1.251 seconds
Domain Reload Profiling:
	ReloadAssembly (1251ms)
		BeginReloadAssembly (134ms)
			ExecutionOrderSort (0ms)
			DisableScriptedObjects (6ms)
			BackupInstance (0ms)
			ReleaseScriptingObjects (0ms)
			CreateAndSetChildDomain (42ms)
		EndReloadAssembly (1036ms)
			LoadAssemblies (104ms)
			RebuildTransferFunctionScriptingTraits (0ms)
			SetupTypeCache (375ms)
			ReleaseScriptCaches (1ms)
			RebuildScriptCaches (44ms)
			SetupLoadedEditorAssemblies (382ms)
				LogAssemblyErrors (0ms)
				InitializePlatformSupportModulesInManaged (8ms)
				SetLoadedEditorAssemblies (1ms)
				RefreshPlugins (1ms)
				BeforeProcessingInitializeOnLoad (100ms)
				ProcessInitializeOnLoadAttributes (234ms)
				ProcessInitializeOnLoadMethodAttributes (30ms)
				AfterProcessingInitializeOnLoad (8ms)
				EditorAssembliesLoaded (0ms)
			ExecutionOrderSort2 (0ms)
			AwakeInstancesAfterBackupRestoration (8ms)
Platform modules already initialized, skipping
Refreshing native plugins compatible for Editor in 0.58 ms, found 2 plugins.
Preloading 0 native plugins for Editor in 0.00 ms.
Unloading 1855 Unused Serialized files (Serialized files now loaded: 0)
System memory in use before: 138.0 MB.
System memory in use after: 82.6 MB.

Unloading 27 unused Assets to reduce memory usage. Loaded Objects now: 2309.
Total: 8.053800 ms (FindLiveObjects: 0.342400 ms CreateObjectMapping: 0.129800 ms MarkObjects: 4.339300 ms  DeleteObjects: 3.240600 ms)

AssetImportParameters requested are different than current active one (requested -> active):
  custom:framework-win-MediaFoundation: 216162199b28c13a410421893ffa2e32 -> 
  custom:video-decoder-ogg-theora: a1e56fd34408186e4bbccfd4996cb3dc -> 
  custom:container-muxer-webm: aa71ff27fc2769a1b78a27578f13a17b -> 
  custom:container-demuxer-webm: 4f35f7cbe854078d1ac9338744f61a02 -> 
  custom:container-demuxer-ogg: 62fdf1f143b41e24485cea50d1cbac27 -> 
  custom:video-encoder-webm-vp8: eb34c28f22e8b96e1ab97ce403110664 -> 
  custom:video-codec-MediaFoundation-h265: 746d11721c4dcdbdad8f713fa42b33f4 -> 
  custom:video-decoder-webm-vp8: 9c59270c3fd7afecdb556c50c9e8de78 -> 
  custom:audio-decoder-ogg-vorbis: bf7c407c2cedff20999df2af8eb42d56 -> 
  custom:audio-encoder-webm-vorbis: bf7c407c2cedff20999df2af8eb42d56 -> 
========================================================================
Received Import Request.
  Time since last request: 629.551339 seconds.
  path: Assets/Polytope Studio/Lowpoly Medieval Demos
  artifactKey: Guid(bc5ef1be23842da4b8d6dd32a96055f0) Importer(815301076,1909f56bfc062723c751e8b465ee728b)
Start importing Assets/Polytope Studio/Lowpoly Medieval Demos using Guid(bc5ef1be23842da4b8d6dd32a96055f0) Importer(815301076,1909f56bfc062723c751e8b465ee728b)  -> (artifact id: 'ea7c7c1f86036e5e19900fe3e24020f8') in 0.024726 seconds 
  Import took 0.031339 seconds .

========================================================================
Received Import Request.
  Time since last request: 0.896624 seconds.
  path: Assets/Polytope Studio/Lowpoly Medieval Demos/Environment_Free
  artifactKey: Guid(5c2928345bc8a9f4793d01e4fcd0b64d) Importer(815301076,1909f56bfc062723c751e8b465ee728b)
Start importing Assets/Polytope Studio/Lowpoly Medieval Demos/Environment_Free using Guid(5c2928345bc8a9f4793d01e4fcd0b64d) Importer(815301076,1909f56bfc062723c751e8b465ee728b)  -> (artifact id: 'a1ae55009de82354c201cec8b0fd56ae') in 0.012031 seconds 
  Import took 0.019303 seconds .

========================================================================
Received Import Request.
  Time since last request: 4.582568 seconds.
  path: Assets/Polytope Studio/Lowpoly Medieval Demos/Environment_Free/Display.unity
  artifactKey: Guid(609a9dec2c5b5cf4a8c1929202710647) Importer(815301076,1909f56bfc062723c751e8b465ee728b)
Start importing Assets/Polytope Studio/Lowpoly Medieval Demos/Environment_Free/Display.unity using Guid(609a9dec2c5b5cf4a8c1929202710647) Importer(815301076,1909f56bfc062723c751e8b465ee728b)  -> (artifact id: 'ac018d22f1089269e5b77a04266711e7') in 0.033615 seconds 
  Import took 0.044359 seconds .

========================================================================
Received Import Request.
  Time since last request: 25.964521 seconds.
  path: Assets/Polytope Studio/Lowpoly Medieval Demos/Environment_Free/Environment_Free.unity
  artifactKey: Guid(c732593fe76e5a84197f9cd13963f706) Importer(815301076,1909f56bfc062723c751e8b465ee728b)
Start importing Assets/Polytope Studio/Lowpoly Medieval Demos/Environment_Free/Environment_Free.unity using Guid(c732593fe76e5a84197f9cd13963f706) Importer(815301076,1909f56bfc062723c751e8b465ee728b)  -> (artifact id: 'e736b778afd6544c4388cd90a2eca315') in 0.014831 seconds 
  Import took 0.018471 seconds .

========================================================================
Received Prepare
Registering precompiled user dll's ...
Registered in 0.007977 seconds.
Begin MonoManager ReloadAssembly
Native extension for WindowsStandalone target not found
Native extension for WebGL target not found
Refreshing native plugins compatible for Editor in 0.55 ms, found 2 plugins.
Preloading 0 native plugins for Editor in 0.00 ms.
Mono: successfully reloaded assembly
- Completed reload, in  2.265 seconds
Domain Reload Profiling:
	ReloadAssembly (2266ms)
		BeginReloadAssembly (152ms)
			ExecutionOrderSort (0ms)
			DisableScriptedObjects (8ms)
			BackupInstance (0ms)
			ReleaseScriptingObjects (0ms)
			CreateAndSetChildDomain (45ms)
		EndReloadAssembly (2020ms)
			LoadAssemblies (145ms)
			RebuildTransferFunctionScriptingTraits (0ms)
			SetupTypeCache (744ms)
			ReleaseScriptCaches (2ms)
			RebuildScriptCaches (112ms)
			SetupLoadedEditorAssemblies (745ms)
				LogAssemblyErrors (0ms)
				InitializePlatformSupportModulesInManaged (16ms)
				SetLoadedEditorAssemblies (1ms)
				RefreshPlugins (1ms)
				BeforeProcessingInitializeOnLoad (174ms)
				ProcessInitializeOnLoadAttributes (480ms)
				ProcessInitializeOnLoadMethodAttributes (60ms)
				AfterProcessingInitializeOnLoad (12ms)
				EditorAssembliesLoaded (1ms)
			ExecutionOrderSort2 (0ms)
			AwakeInstancesAfterBackupRestoration (13ms)
Platform modules already initialized, skipping
Refreshing native plugins compatible for Editor in 1.69 ms, found 2 plugins.
Preloading 0 native plugins for Editor in 0.00 ms.
Unloading 1855 Unused Serialized files (Serialized files now loaded: 0)
System memory in use before: 138.0 MB.
System memory in use after: 82.6 MB.

Unloading 25 unused Assets to reduce memory usage. Loaded Objects now: 2315.
Total: 10.627400 ms (FindLiveObjects: 0.637700 ms CreateObjectMapping: 0.172100 ms MarkObjects: 4.932100 ms  DeleteObjects: 4.880200 ms)

AssetImportParameters requested are different than current active one (requested -> active):
  custom:framework-win-MediaFoundation: 216162199b28c13a410421893ffa2e32 -> 
  custom:video-decoder-ogg-theora: a1e56fd34408186e4bbccfd4996cb3dc -> 
  custom:container-muxer-webm: aa71ff27fc2769a1b78a27578f13a17b -> 
  custom:container-demuxer-webm: 4f35f7cbe854078d1ac9338744f61a02 -> 
  custom:container-demuxer-ogg: 62fdf1f143b41e24485cea50d1cbac27 -> 
  custom:video-encoder-webm-vp8: eb34c28f22e8b96e1ab97ce403110664 -> 
  custom:video-codec-MediaFoundation-h265: 746d11721c4dcdbdad8f713fa42b33f4 -> 
  custom:video-decoder-webm-vp8: 9c59270c3fd7afecdb556c50c9e8de78 -> 
  custom:audio-decoder-ogg-vorbis: bf7c407c2cedff20999df2af8eb42d56 -> 
  custom:audio-encoder-webm-vorbis: bf7c407c2cedff20999df2af8eb42d56 -> 
========================================================================
Received Import Request.
  Time since last request: 417.445793 seconds.
  path: Assets/VRTK
  artifactKey: Guid(023c3fbdd53adcc48af030bebd381fd9) Importer(815301076,1909f56bfc062723c751e8b465ee728b)
Start importing Assets/VRTK using Guid(023c3fbdd53adcc48af030bebd381fd9) Importer(815301076,1909f56bfc062723c751e8b465ee728b)  -> (artifact id: '47b067f4bf449dc0ed32d707ed28e205') in 0.019309 seconds 
  Import took 0.029267 seconds .

========================================================================
Received Import Request.
  Time since last request: 9.711732 seconds.
  path: Assets/VRTK/Examples
  artifactKey: Guid(d421deb252528874b97496b4a718c2c2) Importer(815301076,1909f56bfc062723c751e8b465ee728b)
Start importing Assets/VRTK/Examples using Guid(d421deb252528874b97496b4a718c2c2) Importer(815301076,1909f56bfc062723c751e8b465ee728b)  -> (artifact id: 'afef729adf4d1806e45e0758ee9ab4d2') in 0.021246 seconds 
  Import took 0.026600 seconds .

========================================================================
Received Import Request.
  Time since last request: 103.897752 seconds.
  path: Assets/預製物
  artifactKey: Guid(c1c49759ba7882d46ae5807f91013b7a) Importer(815301076,1909f56bfc062723c751e8b465ee728b)
Start importing Assets/預製物 using Guid(c1c49759ba7882d46ae5807f91013b7a) Importer(815301076,1909f56bfc062723c751e8b465ee728b)  -> (artifact id: '09a6cb48edcda0b4f6a4417980b61f6d') in 0.025551 seconds 
  Import took 0.032238 seconds .

========================================================================
Received Import Request.
  Time since last request: 14.709727 seconds.
  path: Assets/VRTK/Examples/ExampleResources/SharedResources/Prefabs/SDKManager/[VRTK_SDKManager].prefab
  artifactKey: Guid(eb6748575a8fce346b19dff6cb1471ec) Importer(815301076,1909f56bfc062723c751e8b465ee728b)
Start importing Assets/VRTK/Examples/ExampleResources/SharedResources/Prefabs/SDKManager/[VRTK_SDKManager].prefab using Guid(eb6748575a8fce346b19dff6cb1471ec) Importer(815301076,1909f56bfc062723c751e8b465ee728b)  -> (artifact id: '5e582f42af656c1187ad8eb8e6180384') in 0.179086 seconds 
  Import took 0.184483 seconds .

========================================================================
Received Import Request.
  Time since last request: 47.885025 seconds.
  path: Assets/VRTK 場景.unity
  artifactKey: Guid(5e36bbdc6a4c3114da932c010143a122) Importer(815301076,1909f56bfc062723c751e8b465ee728b)
Start importing Assets/VRTK 場景.unity using Guid(5e36bbdc6a4c3114da932c010143a122) Importer(815301076,1909f56bfc062723c751e8b465ee728b)  -> (artifact id: '5169e437c7c1bb06570f9e62315ea090') in 0.015227 seconds 
  Import took 0.022044 seconds .

========================================================================
Received Import Request.
  Time since last request: 8.414570 seconds.
  path: Assets/VRTK/Examples/ExampleResources/SharedResources/Prefabs/SDKManager
  artifactKey: Guid(f3e12056a24379c45bd8de937a9d9860) Importer(815301076,1909f56bfc062723c751e8b465ee728b)
Start importing Assets/VRTK/Examples/ExampleResources/SharedResources/Prefabs/SDKManager using Guid(f3e12056a24379c45bd8de937a9d9860) Importer(815301076,1909f56bfc062723c751e8b465ee728b)  -> (artifact id: '6fa22ab026f6e6a1bd917513570b5a66') in 0.011689 seconds 
  Import took 0.016024 seconds .

========================================================================
Received Prepare
Registering precompiled user dll's ...
Registered in 0.006693 seconds.
Begin MonoManager ReloadAssembly
Native extension for WindowsStandalone target not found
Native extension for WebGL target not found
Refreshing native plugins compatible for Editor in 0.47 ms, found 2 plugins.
Preloading 0 native plugins for Editor in 0.00 ms.
Mono: successfully reloaded assembly
- Completed reload, in  1.410 seconds
Domain Reload Profiling:
	ReloadAssembly (1411ms)
		BeginReloadAssembly (155ms)
			ExecutionOrderSort (0ms)
			DisableScriptedObjects (8ms)
			BackupInstance (0ms)
			ReleaseScriptingObjects (0ms)
			CreateAndSetChildDomain (46ms)
		EndReloadAssembly (1170ms)
			LoadAssemblies (113ms)
			RebuildTransferFunctionScriptingTraits (0ms)
			SetupTypeCache (428ms)
			ReleaseScriptCaches (1ms)
			RebuildScriptCaches (50ms)
			SetupLoadedEditorAssemblies (443ms)
				LogAssemblyErrors (0ms)
				InitializePlatformSupportModulesInManaged (8ms)
				SetLoadedEditorAssemblies (0ms)
				RefreshPlugins (1ms)
				BeforeProcessingInitializeOnLoad (121ms)
				ProcessInitializeOnLoadAttributes (270ms)
				ProcessInitializeOnLoadMethodAttributes (33ms)
				AfterProcessingInitializeOnLoad (9ms)
				EditorAssembliesLoaded (0ms)
			ExecutionOrderSort2 (0ms)
			AwakeInstancesAfterBackupRestoration (9ms)
Platform modules already initialized, skipping
Refreshing native plugins compatible for Editor in 0.85 ms, found 2 plugins.
Preloading 0 native plugins for Editor in 0.00 ms.
Unloading 1855 Unused Serialized files (Serialized files now loaded: 0)
System memory in use before: 138.4 MB.
System memory in use after: 83.0 MB.

Unloading 27 unused Assets to reduce memory usage. Loaded Objects now: 2323.
Total: 7.730000 ms (FindLiveObjects: 0.699100 ms CreateObjectMapping: 0.171500 ms MarkObjects: 3.657800 ms  DeleteObjects: 3.199400 ms)

AssetImportParameters requested are different than current active one (requested -> active):
  custom:framework-win-MediaFoundation: 216162199b28c13a410421893ffa2e32 -> 
  custom:video-decoder-ogg-theora: a1e56fd34408186e4bbccfd4996cb3dc -> 
  custom:container-muxer-webm: aa71ff27fc2769a1b78a27578f13a17b -> 
  custom:container-demuxer-webm: 4f35f7cbe854078d1ac9338744f61a02 -> 
  custom:container-demuxer-ogg: 62fdf1f143b41e24485cea50d1cbac27 -> 
  custom:video-encoder-webm-vp8: eb34c28f22e8b96e1ab97ce403110664 -> 
  custom:video-codec-MediaFoundation-h265: 746d11721c4dcdbdad8f713fa42b33f4 -> 
  custom:video-decoder-webm-vp8: 9c59270c3fd7afecdb556c50c9e8de78 -> 
  custom:audio-decoder-ogg-vorbis: bf7c407c2cedff20999df2af8eb42d56 -> 
  custom:audio-encoder-webm-vorbis: bf7c407c2cedff20999df2af8eb42d56 -> 
========================================================================
Received Prepare
Registering precompiled user dll's ...
Registered in 0.008145 seconds.
Begin MonoManager ReloadAssembly
Native extension for WindowsStandalone target not found
Native extension for WebGL target not found
Refreshing native plugins compatible for Editor in 0.47 ms, found 2 plugins.
Preloading 0 native plugins for Editor in 0.00 ms.
Mono: successfully reloaded assembly
- Completed reload, in  1.231 seconds
Domain Reload Profiling:
	ReloadAssembly (1232ms)
		BeginReloadAssembly (130ms)
			ExecutionOrderSort (0ms)
			DisableScriptedObjects (5ms)
			BackupInstance (0ms)
			ReleaseScriptingObjects (0ms)
			CreateAndSetChildDomain (34ms)
		EndReloadAssembly (1027ms)
			LoadAssemblies (118ms)
			RebuildTransferFunctionScriptingTraits (0ms)
			SetupTypeCache (355ms)
			ReleaseScriptCaches (1ms)
			RebuildScriptCaches (44ms)
			SetupLoadedEditorAssemblies (370ms)
				LogAssemblyErrors (0ms)
				InitializePlatformSupportModulesInManaged (6ms)
				SetLoadedEditorAssemblies (0ms)
				RefreshPlugins (1ms)
				BeforeProcessingInitializeOnLoad (83ms)
				ProcessInitializeOnLoadAttributes (243ms)
				ProcessInitializeOnLoadMethodAttributes (27ms)
				AfterProcessingInitializeOnLoad (9ms)
				EditorAssembliesLoaded (0ms)
			ExecutionOrderSort2 (0ms)
			AwakeInstancesAfterBackupRestoration (9ms)
Platform modules already initialized, skipping
Refreshing native plugins compatible for Editor in 0.45 ms, found 2 plugins.
Preloading 0 native plugins for Editor in 0.00 ms.
Unloading 1855 Unused Serialized files (Serialized files now loaded: 0)
System memory in use before: 138.4 MB.
System memory in use after: 83.0 MB.

Unloading 25 unused Assets to reduce memory usage. Loaded Objects now: 2329.
Total: 7.323900 ms (FindLiveObjects: 0.206000 ms CreateObjectMapping: 0.158800 ms MarkObjects: 3.412900 ms  DeleteObjects: 3.544700 ms)

AssetImportParameters requested are different than current active one (requested -> active):
  custom:framework-win-MediaFoundation: 216162199b28c13a410421893ffa2e32 -> 
  custom:video-decoder-ogg-theora: a1e56fd34408186e4bbccfd4996cb3dc -> 
  custom:container-muxer-webm: aa71ff27fc2769a1b78a27578f13a17b -> 
  custom:container-demuxer-webm: 4f35f7cbe854078d1ac9338744f61a02 -> 
  custom:container-demuxer-ogg: 62fdf1f143b41e24485cea50d1cbac27 -> 
  custom:video-encoder-webm-vp8: eb34c28f22e8b96e1ab97ce403110664 -> 
  custom:video-codec-MediaFoundation-h265: 746d11721c4dcdbdad8f713fa42b33f4 -> 
  custom:video-decoder-webm-vp8: 9c59270c3fd7afecdb556c50c9e8de78 -> 
  custom:audio-decoder-ogg-vorbis: bf7c407c2cedff20999df2af8eb42d56 -> 
  custom:audio-encoder-webm-vorbis: bf7c407c2cedff20999df2af8eb42d56 -> 
========================================================================
Received Import Request.
  Time since last request: 495.922213 seconds.
  path: Assets/VRTK/Prefabs/ControllerTooltips/VRTK_ControllerTooltips.cs
  artifactKey: Guid(24a9c9ae8b1fb1542b78598ac955afe0) Importer(815301076,1909f56bfc062723c751e8b465ee728b)
Start importing Assets/VRTK/Prefabs/ControllerTooltips/VRTK_ControllerTooltips.cs using Guid(24a9c9ae8b1fb1542b78598ac955afe0) Importer(815301076,1909f56bfc062723c751e8b465ee728b)  -> (artifact id: '1e0f8fad586b326cbae30a2a3f7049a2') in 0.018709 seconds 
  Import took 0.024000 seconds .

========================================================================
Received Import Request.
  Time since last request: 1.870776 seconds.
  path: Assets/VRTK/Prefabs/ControllerTooltips/ControllerTooltips.prefab
  artifactKey: Guid(910be6460ba00dc4bb13725c3ff972cb) Importer(815301076,1909f56bfc062723c751e8b465ee728b)
Start importing Assets/VRTK/Prefabs/ControllerTooltips/ControllerTooltips.prefab using Guid(910be6460ba00dc4bb13725c3ff972cb) Importer(815301076,1909f56bfc062723c751e8b465ee728b)  -> (artifact id: '92e4def40fd3de06e411c9b6735f21a3') in 0.189459 seconds 
  Import took 0.195606 seconds .

========================================================================
Received Import Request.
  Time since last request: 62.748030 seconds.
  path: Assets/VRTK/Prefabs/DestinationPoint/VRTK_DestinationPoint.cs
  artifactKey: Guid(f6512be739a547c4f8c3323a1bdb9708) Importer(815301076,1909f56bfc062723c751e8b465ee728b)
Start importing Assets/VRTK/Prefabs/DestinationPoint/VRTK_DestinationPoint.cs using Guid(f6512be739a547c4f8c3323a1bdb9708) Importer(815301076,1909f56bfc062723c751e8b465ee728b)  -> (artifact id: 'bbea49718aafe79042749af41764c1e9') in 0.006229 seconds 
  Import took 0.011062 seconds .

========================================================================
Received Import Request.
  Time since last request: 3.969089 seconds.
  path: Assets/VRTK/Prefabs/DestinationPoint/DestinationPoint.prefab
  artifactKey: Guid(5174ba385e2fcac40a9009762418e317) Importer(815301076,1909f56bfc062723c751e8b465ee728b)
Start importing Assets/VRTK/Prefabs/DestinationPoint/DestinationPoint.prefab using Guid(5174ba385e2fcac40a9009762418e317) Importer(815301076,1909f56bfc062723c751e8b465ee728b)  -> (artifact id: '1f9371f03808de78cd291e80bda490ad') in 0.029909 seconds 
  Import took 0.034165 seconds .

========================================================================
Received Import Request.
  Time since last request: 258.105564 seconds.
  path: Assets/預製物/ValidDestinationPointTwo [No Rotation].prefab
  artifactKey: Guid(28db64ff7b6e96f488f2ce0078e0d214) Importer(815301076,1909f56bfc062723c751e8b465ee728b)
Start importing Assets/預製物/ValidDestinationPointTwo [No Rotation].prefab using Guid(28db64ff7b6e96f488f2ce0078e0d214) Importer(815301076,1909f56bfc062723c751e8b465ee728b)  -> (artifact id: '7df9b1220d74c7a63c50da79dc0e7bf7') in 0.228035 seconds 
  Import took 0.234171 seconds .

========================================================================
Received Import Request.
  Time since last request: 15.760699 seconds.
  path: Assets/預製物/傳送點 不旋轉有材質.prefab
  artifactKey: Guid(28db64ff7b6e96f488f2ce0078e0d214) Importer(815301076,1909f56bfc062723c751e8b465ee728b)
Start importing Assets/預製物/傳送點 不旋轉有材質.prefab using Guid(28db64ff7b6e96f488f2ce0078e0d214) Importer(815301076,1909f56bfc062723c751e8b465ee728b)  -> (artifact id: '1e122156ed37a9cfef534bff8121fd6c') in 0.031392 seconds 
  Import took 0.037543 seconds .

========================================================================
Received Import Request.
  Time since last request: 38.572875 seconds.
  path: Assets/VRTK 場景.unity
  artifactKey: Guid(5e36bbdc6a4c3114da932c010143a122) Importer(815301076,1909f56bfc062723c751e8b465ee728b)
Start importing Assets/VRTK 場景.unity using Guid(5e36bbdc6a4c3114da932c010143a122) Importer(815301076,1909f56bfc062723c751e8b465ee728b)  -> (artifact id: 'cce366cbb8be826e5142393e24974009') in 0.007017 seconds 
  Import took 0.012551 seconds .

========================================================================
Received Import Request.
  Time since last request: 523.413090 seconds.
  path: Assets/預製物/ValidDestinationZoneOne.prefab
  artifactKey: Guid(ccb9b6d5ec26ed047a95c7cfc788c4f5) Importer(815301076,1909f56bfc062723c751e8b465ee728b)
Start importing Assets/預製物/ValidDestinationZoneOne.prefab using Guid(ccb9b6d5ec26ed047a95c7cfc788c4f5) Importer(815301076,1909f56bfc062723c751e8b465ee728b)  -> (artifact id: 'f5ab42822ad9f087cedfc3b313a28454') in 0.032364 seconds 
  Import took 0.040558 seconds .

========================================================================
Received Import Request.
  Time since last request: 12.553803 seconds.
  path: Assets/預製物/傳送區域 不旋轉有材質.prefab
  artifactKey: Guid(ccb9b6d5ec26ed047a95c7cfc788c4f5) Importer(815301076,1909f56bfc062723c751e8b465ee728b)
Start importing Assets/預製物/傳送區域 不旋轉有材質.prefab using Guid(ccb9b6d5ec26ed047a95c7cfc788c4f5) Importer(815301076,1909f56bfc062723c751e8b465ee728b)  -> (artifact id: 'f4155afe7a59478a66a2d4f6c849f73a') in 0.025569 seconds 
  Import took 0.035826 seconds .

========================================================================
Received Import Request.
  Time since last request: 7.295689 seconds.
  path: Assets/VRTK 場景.unity
  artifactKey: Guid(5e36bbdc6a4c3114da932c010143a122) Importer(815301076,1909f56bfc062723c751e8b465ee728b)
Start importing Assets/VRTK 場景.unity using Guid(5e36bbdc6a4c3114da932c010143a122) Importer(815301076,1909f56bfc062723c751e8b465ee728b)  -> (artifact id: '79e8e0631cebabd6cb49a260c622f6e5') in 0.004399 seconds 
  Import took 0.011057 seconds .

========================================================================
Received Import Request.
  Time since last request: 1328.398589 seconds.
  path: Assets/OldePropsPack1/Cannon
  artifactKey: Guid(e69ae2bef3587e94eb07de861e671d31) Importer(815301076,1909f56bfc062723c751e8b465ee728b)
Start importing Assets/OldePropsPack1/Cannon using Guid(e69ae2bef3587e94eb07de861e671d31) Importer(815301076,1909f56bfc062723c751e8b465ee728b)  -> (artifact id: 'f58eac0ec835a6ecdd4d622060bf14c7') in 0.010358 seconds 
  Import took 0.016358 seconds .

========================================================================
Received Import Request.
  Time since last request: 1.384174 seconds.
  path: Assets/OldePropsPack1/Cannon/Cannon_prefab.prefab
  artifactKey: Guid(3950bd599acbcfd4194d882db9244b5e) Importer(815301076,1909f56bfc062723c751e8b465ee728b)
Start importing Assets/OldePropsPack1/Cannon/Cannon_prefab.prefab using Guid(3950bd599acbcfd4194d882db9244b5e) Importer(815301076,1909f56bfc062723c751e8b465ee728b)  -> (artifact id: '8e17732583a8ba928097392badd100f3') in 0.406276 seconds 
  Import took 0.411623 seconds .

========================================================================
Received Import Request.
  Time since last request: 2.310401 seconds.
  path: Assets/OldePropsPack1/Cannon/Cannon_prefab_legacy.prefab
  artifactKey: Guid(38c69fdc3be42de45929415837e33a8a) Importer(815301076,1909f56bfc062723c751e8b465ee728b)
Start importing Assets/OldePropsPack1/Cannon/Cannon_prefab_legacy.prefab using Guid(38c69fdc3be42de45929415837e33a8a) Importer(815301076,1909f56bfc062723c751e8b465ee728b)  -> (artifact id: '78d7abf09b0a875c135e288c497fcc27') in 0.254879 seconds 
  Import took 0.262340 seconds .

========================================================================
Received Import Request.
  Time since last request: 8.408629 seconds.
  path: Assets/OldePropsPack1/Cannon/Model
  artifactKey: Guid(0ad6d57b4a1c50a4eb6ea2f8f083bd79) Importer(815301076,1909f56bfc062723c751e8b465ee728b)
Start importing Assets/OldePropsPack1/Cannon/Model using Guid(0ad6d57b4a1c50a4eb6ea2f8f083bd79) Importer(815301076,1909f56bfc062723c751e8b465ee728b)  -> (artifact id: '672662b78b571917284be08da0ff0bdf') in 0.013801 seconds 
  Import took 0.023105 seconds .

========================================================================
Received Import Request.
  Time since last request: 1.470196 seconds.
  path: Assets/OldePropsPack1/Cannon/Model/Cannon.FBX
  artifactKey: Guid(3f5af9550e9b3954eaf0ef05cb074857) Importer(815301076,1909f56bfc062723c751e8b465ee728b)
Start importing Assets/OldePropsPack1/Cannon/Model/Cannon.FBX using Guid(3f5af9550e9b3954eaf0ef05cb074857) Importer(815301076,1909f56bfc062723c751e8b465ee728b)  -> (artifact id: 'eb2d9d6c1156107b978b1d9082d7dbc9') in 0.499113 seconds 
  Import took 0.504274 seconds .

========================================================================
Received Import Request.
  Time since last request: 3.796720 seconds.
  path: Assets/VRTK/Source/SDK/Unity/[UnityBase_CameraRig].prefab
  artifactKey: Guid(6e3616974e30ab643bbe690a06e53881) Importer(815301076,1909f56bfc062723c751e8b465ee728b)
Start importing Assets/VRTK/Source/SDK/Unity/[UnityBase_CameraRig].prefab using Guid(6e3616974e30ab643bbe690a06e53881) Importer(815301076,1909f56bfc062723c751e8b465ee728b)  -> (artifact id: '77be5fa5946a77b6be6bf786258572f0') in 0.017315 seconds 
  Import took 0.023390 seconds .

========================================================================
Received Import Request.
  Time since last request: 0.000668 seconds.
  path: Assets/VRTK/Source/SDK/WindowsMR/[WindowsMR_CameraRig].prefab
  artifactKey: Guid(702cef7d88a6428488e3a411d4104758) Importer(815301076,1909f56bfc062723c751e8b465ee728b)
Start importing Assets/VRTK/Source/SDK/WindowsMR/[WindowsMR_CameraRig].prefab using Guid(702cef7d88a6428488e3a411d4104758) Importer(815301076,1909f56bfc062723c751e8b465ee728b)  -> (artifact id: '3034f8e8e182b40c743e0f0e7ef57469') in 0.017833 seconds 
  Import took 0.024911 seconds .

========================================================================
Received Import Request.
  Time since last request: 0.000487 seconds.
  path: Assets/VRTK/Prefabs/RadialMenu/RadialMenuButton/Arc.prefab
  artifactKey: Guid(6b84885a25431a84595e546913f79de8) Importer(815301076,1909f56bfc062723c751e8b465ee728b)
Start importing Assets/VRTK/Prefabs/RadialMenu/RadialMenuButton/Arc.prefab using Guid(6b84885a25431a84595e546913f79de8) Importer(815301076,1909f56bfc062723c751e8b465ee728b)  -> (artifact id: 'd75e953800e2d34b48eb073846967631') in 0.024845 seconds 
  Import took 0.031067 seconds .

========================================================================
Received Import Request.
  Time since last request: 0.000307 seconds.
  path: Assets/VRTK/Source/SDK/Simulator/[VRSimulator_CameraRig].prefab
  artifactKey: Guid(be540b97364be0a4890e39e62ac89ed1) Importer(815301076,1909f56bfc062723c751e8b465ee728b)
Start importing Assets/VRTK/Source/SDK/Simulator/[VRSimulator_CameraRig].prefab using Guid(be540b97364be0a4890e39e62ac89ed1) Importer(815301076,1909f56bfc062723c751e8b465ee728b)  -> (artifact id: '1d60ac1fe59b7d15e0e65c63b2f93558') in 0.041592 seconds 
  Import took 0.046371 seconds .

========================================================================
Received Import Request.
  Time since last request: 0.000331 seconds.
  path: Assets/OldePropsPack1/Barell/Barell_prefab_legacy.prefab
  artifactKey: Guid(1de329a5dd4dc8a41b8570df81d45b4d) Importer(815301076,1909f56bfc062723c751e8b465ee728b)
Start importing Assets/OldePropsPack1/Barell/Barell_prefab_legacy.prefab using Guid(1de329a5dd4dc8a41b8570df81d45b4d) Importer(815301076,1909f56bfc062723c751e8b465ee728b)  -> (artifact id: '3de13d13f05da9f7a1bca89e4a411401') in 0.032442 seconds 
  Import took 0.036632 seconds .

========================================================================
Received Import Request.
  Time since last request: 0.000442 seconds.
  path: Assets/VRTK/Examples/ExampleResources/SharedResources/Prefabs/AnimatedBezierPointer/BezierPointerAnimatedTracer.prefab
  artifactKey: Guid(55819859b7f22784e98360b14b14b88e) Importer(815301076,1909f56bfc062723c751e8b465ee728b)
Start importing Assets/VRTK/Examples/ExampleResources/SharedResources/Prefabs/AnimatedBezierPointer/BezierPointerAnimatedTracer.prefab using Guid(55819859b7f22784e98360b14b14b88e) Importer(815301076,1909f56bfc062723c751e8b465ee728b)  -> (artifact id: '05e53243757361608b2ddf771c07ca6d') in 0.031740 seconds 
  Import took 0.037982 seconds .

========================================================================
Received Import Request.
  Time since last request: 0.000380 seconds.
  path: Assets/VRTK/LegacyExampleFiles/ExampleResources/Prefabs/BasicArrow.prefab
  artifactKey: Guid(da23bdf76745c6c4f9258cd40e3d4859) Importer(815301076,1909f56bfc062723c751e8b465ee728b)
Start importing Assets/VRTK/LegacyExampleFiles/ExampleResources/Prefabs/BasicArrow.prefab using Guid(da23bdf76745c6c4f9258cd40e3d4859) Importer(815301076,1909f56bfc062723c751e8b465ee728b)  -> (artifact id: 'd0a7c82b309757f14c1ca91ec3302d97') in 0.046733 seconds 
  Import took 0.051570 seconds .

========================================================================
Received Import Request.
  Time since last request: 0.000438 seconds.
  path: Assets/VRTK/LegacyExampleFiles/ExampleResources/Prefabs/BezierCursor.prefab
  artifactKey: Guid(6335d1c9ab948f940ab0ef87b99dd5a4) Importer(815301076,1909f56bfc062723c751e8b465ee728b)
Start importing Assets/VRTK/LegacyExampleFiles/ExampleResources/Prefabs/BezierCursor.prefab using Guid(6335d1c9ab948f940ab0ef87b99dd5a4) Importer(815301076,1909f56bfc062723c751e8b465ee728b)  -> (artifact id: 'b230e34eeb1c856680ae113557551d64') in 0.067689 seconds 
  Import took 0.072462 seconds .

========================================================================
Received Import Request.
  Time since last request: 0.000292 seconds.
  path: Assets/VRTK/LegacyExampleFiles/ExampleResources/Prefabs/Ball.prefab
  artifactKey: Guid(cd4ff35fbdd2e344f9f46c1da44572da) Importer(815301076,1909f56bfc062723c751e8b465ee728b)
Start importing Assets/VRTK/LegacyExampleFiles/ExampleResources/Prefabs/Ball.prefab using Guid(cd4ff35fbdd2e344f9f46c1da44572da) Importer(815301076,1909f56bfc062723c751e8b465ee728b)  -> (artifact id: 'd125bd5afeb87fac41982b1a70800a5b') in 0.034713 seconds 
  Import took 0.042561 seconds .

========================================================================
Received Import Request.
  Time since last request: 0.000902 seconds.
  path: Assets/OldePropsPack1/Barell/Barell_prefab.prefab
  artifactKey: Guid(345b21026e39fa14880cebd75741060e) Importer(815301076,1909f56bfc062723c751e8b465ee728b)
Start importing Assets/OldePropsPack1/Barell/Barell_prefab.prefab using Guid(345b21026e39fa14880cebd75741060e) Importer(815301076,1909f56bfc062723c751e8b465ee728b)  -> (artifact id: '79f00ffcc171dacc5bd957cdd6d92ffd') in 0.396638 seconds 
  Import took 0.402028 seconds .

========================================================================
Received Import Request.
  Time since last request: 14.949305 seconds.
  path: Assets/OldePropsPack1/QuadzGun/QuadsGun_prefab.prefab
  artifactKey: Guid(242989a20571f0c4a8c9e1de82e32500) Importer(815301076,1909f56bfc062723c751e8b465ee728b)
Start importing Assets/OldePropsPack1/QuadzGun/QuadsGun_prefab.prefab using Guid(242989a20571f0c4a8c9e1de82e32500) Importer(815301076,1909f56bfc062723c751e8b465ee728b)  -> (artifact id: '3e472d4df4c73ea8698dbfbabf9271a9') in 0.044945 seconds 
  Import took 0.052065 seconds .

========================================================================
Received Import Request.
  Time since last request: 0.666878 seconds.
  path: Assets/OldePropsPack1/QuadzGun/QuadsGun_prefab_legacy.prefab
  artifactKey: Guid(8b5fb1ec135dadf4693b6aca9777af6a) Importer(815301076,1909f56bfc062723c751e8b465ee728b)
Start importing Assets/OldePropsPack1/QuadzGun/QuadsGun_prefab_legacy.prefab using Guid(8b5fb1ec135dadf4693b6aca9777af6a) Importer(815301076,1909f56bfc062723c751e8b465ee728b)  -> (artifact id: '7182c494d6f111d9801cdbf816f738c6') in 0.032530 seconds 
  Import took 0.039407 seconds .

========================================================================
Received Import Request.
  Time since last request: 1.760993 seconds.
  path: Assets/OldePropsPack1/Reflection/SimpleReflection2.png
  artifactKey: Guid(9942cee475032b54ba0cd05493484754) Importer(815301076,1909f56bfc062723c751e8b465ee728b)
Start importing Assets/OldePropsPack1/Reflection/SimpleReflection2.png using Guid(9942cee475032b54ba0cd05493484754) Importer(815301076,1909f56bfc062723c751e8b465ee728b)  -> (artifact id: 'b67c2bf7d499976bf2dfaae814569f77') in 0.038567 seconds 
  Import took 0.042991 seconds .

========================================================================
Received Import Request.
  Time since last request: 8.276755 seconds.
  path: Assets/OldePropsPack1/Barell/Model
  artifactKey: Guid(c392d035d9f4e9143b2e0777a4c67213) Importer(815301076,1909f56bfc062723c751e8b465ee728b)
Start importing Assets/OldePropsPack1/Barell/Model using Guid(c392d035d9f4e9143b2e0777a4c67213) Importer(815301076,1909f56bfc062723c751e8b465ee728b)  -> (artifact id: '1a34ac9e9049f03d3d32b11810f62f5f') in 0.010152 seconds 
  Import took 0.019051 seconds .

========================================================================
Received Import Request.
  Time since last request: 22.354406 seconds.
  path: Assets/OldePropsPack1/Barell/Model/Barell.FBX
  artifactKey: Guid(d3c532137c550ce4aa3eac5177a06c3d) Importer(815301076,1909f56bfc062723c751e8b465ee728b)
Start importing Assets/OldePropsPack1/Barell/Model/Barell.FBX using Guid(d3c532137c550ce4aa3eac5177a06c3d) Importer(815301076,1909f56bfc062723c751e8b465ee728b)  -> (artifact id: 'f044c5d1f93b7163b295d72b4f3612db') in 0.043932 seconds 
  Import took 0.047727 seconds .

========================================================================
Received Import Request.
  Time since last request: 5.841041 seconds.
  path: Assets/OldePropsPack1/Barell/Model/Barell.FBX
  artifactKey: Guid(d3c532137c550ce4aa3eac5177a06c3d) Importer(815301076,1909f56bfc062723c751e8b465ee728b)
Start importing Assets/OldePropsPack1/Barell/Model/Barell.FBX using Guid(d3c532137c550ce4aa3eac5177a06c3d) Importer(815301076,1909f56bfc062723c751e8b465ee728b)  -> (artifact id: '6ee3ca4d93381c3f323492b60be64b22') in 0.028169 seconds 
  Import took 0.033030 seconds .

========================================================================
Received Prepare
Registering precompiled user dll's ...
Registered in 0.010460 seconds.
Begin MonoManager ReloadAssembly
Native extension for WindowsStandalone target not found
Native extension for WebGL target not found
Refreshing native plugins compatible for Editor in 1.01 ms, found 2 plugins.
Preloading 0 native plugins for Editor in 0.00 ms.
Mono: successfully reloaded assembly
- Completed reload, in  1.941 seconds
Domain Reload Profiling:
	ReloadAssembly (1941ms)
		BeginReloadAssembly (192ms)
			ExecutionOrderSort (0ms)
			DisableScriptedObjects (5ms)
			BackupInstance (0ms)
			ReleaseScriptingObjects (0ms)
			CreateAndSetChildDomain (71ms)
		EndReloadAssembly (1647ms)
			LoadAssemblies (145ms)
			RebuildTransferFunctionScriptingTraits (0ms)
			SetupTypeCache (538ms)
			ReleaseScriptCaches (1ms)
			RebuildScriptCaches (85ms)
			SetupLoadedEditorAssemblies (677ms)
				LogAssemblyErrors (0ms)
				InitializePlatformSupportModulesInManaged (23ms)
				SetLoadedEditorAssemblies (2ms)
				RefreshPlugins (1ms)
				BeforeProcessingInitializeOnLoad (164ms)
				ProcessInitializeOnLoadAttributes (437ms)
				ProcessInitializeOnLoadMethodAttributes (38ms)
				AfterProcessingInitializeOnLoad (11ms)
				EditorAssembliesLoaded (0ms)
			ExecutionOrderSort2 (0ms)
			AwakeInstancesAfterBackupRestoration (11ms)
Platform modules already initialized, skipping
Refreshing native plugins compatible for Editor in 0.54 ms, found 2 plugins.
Preloading 0 native plugins for Editor in 0.00 ms.
Unloading 1855 Unused Serialized files (Serialized files now loaded: 0)
System memory in use before: 143.5 MB.
System memory in use after: 88.0 MB.

Unloading 29 unused Assets to reduce memory usage. Loaded Objects now: 2379.
Total: 6.907300 ms (FindLiveObjects: 0.186200 ms CreateObjectMapping: 0.071900 ms MarkObjects: 3.697100 ms  DeleteObjects: 2.950400 ms)

AssetImportParameters requested are different than current active one (requested -> active):
  custom:framework-win-MediaFoundation: 216162199b28c13a410421893ffa2e32 -> 
  custom:video-decoder-ogg-theora: a1e56fd34408186e4bbccfd4996cb3dc -> 
  custom:container-muxer-webm: aa71ff27fc2769a1b78a27578f13a17b -> 
  custom:container-demuxer-webm: 4f35f7cbe854078d1ac9338744f61a02 -> 
  custom:container-demuxer-ogg: 62fdf1f143b41e24485cea50d1cbac27 -> 
  custom:video-encoder-webm-vp8: eb34c28f22e8b96e1ab97ce403110664 -> 
  custom:video-codec-MediaFoundation-h265: 746d11721c4dcdbdad8f713fa42b33f4 -> 
  custom:video-decoder-webm-vp8: 9c59270c3fd7afecdb556c50c9e8de78 -> 
  custom:audio-decoder-ogg-vorbis: bf7c407c2cedff20999df2af8eb42d56 -> 
  custom:audio-encoder-webm-vorbis: bf7c407c2cedff20999df2af8eb42d56 -> 
========================================================================
Received Prepare
Registering precompiled user dll's ...
Registered in 0.008997 seconds.
Begin MonoManager ReloadAssembly
Native extension for WindowsStandalone target not found
Native extension for WebGL target not found
Refreshing native plugins compatible for Editor in 0.51 ms, found 2 plugins.
Preloading 0 native plugins for Editor in 0.00 ms.
Mono: successfully reloaded assembly
- Completed reload, in  1.160 seconds
Domain Reload Profiling:
	ReloadAssembly (1160ms)
		BeginReloadAssembly (117ms)
			ExecutionOrderSort (0ms)
			DisableScriptedObjects (6ms)
			BackupInstance (0ms)
			ReleaseScriptingObjects (0ms)
			CreateAndSetChildDomain (34ms)
		EndReloadAssembly (972ms)
			LoadAssemblies (104ms)
			RebuildTransferFunctionScriptingTraits (0ms)
			SetupTypeCache (337ms)
			ReleaseScriptCaches (1ms)
			RebuildScriptCaches (52ms)
			SetupLoadedEditorAssemblies (364ms)
				LogAssemblyErrors (0ms)
				InitializePlatformSupportModulesInManaged (7ms)
				SetLoadedEditorAssemblies (0ms)
				RefreshPlugins (1ms)
				BeforeProcessingInitializeOnLoad (84ms)
				ProcessInitializeOnLoadAttributes (230ms)
				ProcessInitializeOnLoadMethodAttributes (31ms)
				AfterProcessingInitializeOnLoad (10ms)
				EditorAssembliesLoaded (0ms)
			ExecutionOrderSort2 (0ms)
			AwakeInstancesAfterBackupRestoration (7ms)
Platform modules already initialized, skipping
Refreshing native plugins compatible for Editor in 0.96 ms, found 2 plugins.
Preloading 0 native plugins for Editor in 0.00 ms.
Unloading 1855 Unused Serialized files (Serialized files now loaded: 0)
System memory in use before: 143.5 MB.
System memory in use after: 88.0 MB.

Unloading 25 unused Assets to reduce memory usage. Loaded Objects now: 2385.
Total: 11.136500 ms (FindLiveObjects: 0.352600 ms CreateObjectMapping: 0.078700 ms MarkObjects: 5.999000 ms  DeleteObjects: 4.704300 ms)

AssetImportParameters requested are different than current active one (requested -> active):
  custom:framework-win-MediaFoundation: 216162199b28c13a410421893ffa2e32 -> 
  custom:video-decoder-ogg-theora: a1e56fd34408186e4bbccfd4996cb3dc -> 
  custom:container-muxer-webm: aa71ff27fc2769a1b78a27578f13a17b -> 
  custom:container-demuxer-webm: 4f35f7cbe854078d1ac9338744f61a02 -> 
  custom:container-demuxer-ogg: 62fdf1f143b41e24485cea50d1cbac27 -> 
  custom:video-encoder-webm-vp8: eb34c28f22e8b96e1ab97ce403110664 -> 
  custom:video-codec-MediaFoundation-h265: 746d11721c4dcdbdad8f713fa42b33f4 -> 
  custom:video-decoder-webm-vp8: 9c59270c3fd7afecdb556c50c9e8de78 -> 
  custom:audio-decoder-ogg-vorbis: bf7c407c2cedff20999df2af8eb42d56 -> 
  custom:audio-encoder-webm-vorbis: bf7c407c2cedff20999df2af8eb42d56 -> 
========================================================================
Received Import Request.
  Time since last request: 1881.927627 seconds.
  path: Assets/OldePropsPack1/Cannon/Model/Materials
  artifactKey: Guid(924445709d2282644af9e38a5388f6ae) Importer(815301076,1909f56bfc062723c751e8b465ee728b)
Start importing Assets/OldePropsPack1/Cannon/Model/Materials using Guid(924445709d2282644af9e38a5388f6ae) Importer(815301076,1909f56bfc062723c751e8b465ee728b)  -> (artifact id: '7dc032c5df8ece4f396e2b392b4c6a33') in 0.027050 seconds 
  Import took 0.033270 seconds .

========================================================================
Received Import Request.
  Time since last request: 21.532629 seconds.
  path: Assets/OldePropsPack1/Cannon/Textures/Cannon_diffGloss.tga
  artifactKey: Guid(978d17409e562574da78f4758a6321b5) Importer(815301076,1909f56bfc062723c751e8b465ee728b)
Start importing Assets/OldePropsPack1/Cannon/Textures/Cannon_diffGloss.tga using Guid(978d17409e562574da78f4758a6321b5) Importer(815301076,1909f56bfc062723c751e8b465ee728b)  -> (artifact id: '424fe920948397141c3f150c79c2ea75') in 0.094441 seconds 
  Import took 0.099785 seconds .

========================================================================
Received Import Request.
  Time since last request: 0.000255 seconds.
  path: Assets/OldePropsPack1/Cannon/Textures/Cannon_norm.tga
  artifactKey: Guid(073410dc25098e64dbf2ad142cef7033) Importer(815301076,1909f56bfc062723c751e8b465ee728b)
Start importing Assets/OldePropsPack1/Cannon/Textures/Cannon_norm.tga using Guid(073410dc25098e64dbf2ad142cef7033) Importer(815301076,1909f56bfc062723c751e8b465ee728b)  -> (artifact id: 'd30a60590ac321d26e7c88d09d37f15b') in 0.032142 seconds 
  Import took 0.036441 seconds .

========================================================================
Received Import Request.
  Time since last request: 0.000255 seconds.
  path: Assets/OldePropsPack1/Reflection/SimpleReflection1.png
  artifactKey: Guid(b1d0b5bf9e7e45548851c89d54993fb6) Importer(815301076,1909f56bfc062723c751e8b465ee728b)
Start importing Assets/OldePropsPack1/Reflection/SimpleReflection1.png using Guid(b1d0b5bf9e7e45548851c89d54993fb6) Importer(815301076,1909f56bfc062723c751e8b465ee728b)  -> (artifact id: '9a72be015547ddaeba09acba26fa51ea') in 0.059293 seconds 
  Import took 0.064218 seconds .

========================================================================
Received Import Request.
  Time since last request: 729.256836 seconds.
  path: Assets/Scripts/CannonManager.cs
  artifactKey: Guid(43622e539462ec14dbcb4231955ddc91) Importer(815301076,1909f56bfc062723c751e8b465ee728b)
Start importing Assets/Scripts/CannonManager.cs using Guid(43622e539462ec14dbcb4231955ddc91) Importer(815301076,1909f56bfc062723c751e8b465ee728b)  -> (artifact id: 'e59c62749c93a618a829b68f1282468f') in 0.014192 seconds 
  Import took 0.019613 seconds .

========================================================================
Received Prepare
Registering precompiled user dll's ...
Registered in 0.008145 seconds.
Begin MonoManager ReloadAssembly
Native extension for WindowsStandalone target not found
Native extension for WebGL target not found
Refreshing native plugins compatible for Editor in 1.03 ms, found 2 plugins.
Preloading 0 native plugins for Editor in 0.00 ms.
Mono: successfully reloaded assembly
- Completed reload, in  1.633 seconds
Domain Reload Profiling:
	ReloadAssembly (1633ms)
		BeginReloadAssembly (220ms)
			ExecutionOrderSort (0ms)
			DisableScriptedObjects (7ms)
			BackupInstance (0ms)
			ReleaseScriptingObjects (0ms)
			CreateAndSetChildDomain (60ms)
		EndReloadAssembly (1306ms)
			LoadAssemblies (178ms)
			RebuildTransferFunctionScriptingTraits (0ms)
			SetupTypeCache (501ms)
			ReleaseScriptCaches (1ms)
			RebuildScriptCaches (50ms)
			SetupLoadedEditorAssemblies (457ms)
				LogAssemblyErrors (0ms)
				InitializePlatformSupportModulesInManaged (8ms)
				SetLoadedEditorAssemblies (1ms)
				RefreshPlugins (1ms)
				BeforeProcessingInitializeOnLoad (107ms)
				ProcessInitializeOnLoadAttributes (297ms)
				ProcessInitializeOnLoadMethodAttributes (33ms)
				AfterProcessingInitializeOnLoad (10ms)
				EditorAssembliesLoaded (0ms)
			ExecutionOrderSort2 (0ms)
			AwakeInstancesAfterBackupRestoration (8ms)
Platform modules already initialized, skipping
Refreshing native plugins compatible for Editor in 0.72 ms, found 2 plugins.
Preloading 0 native plugins for Editor in 0.00 ms.
Unloading 1856 Unused Serialized files (Serialized files now loaded: 0)
System memory in use before: 143.5 MB.
System memory in use after: 88.1 MB.

Unloading 25 unused Assets to reduce memory usage. Loaded Objects now: 2396.
Total: 12.815200 ms (FindLiveObjects: 0.677700 ms CreateObjectMapping: 0.225800 ms MarkObjects: 5.594000 ms  DeleteObjects: 6.314900 ms)

AssetImportParameters requested are different than current active one (requested -> active):
  custom:framework-win-MediaFoundation: 216162199b28c13a410421893ffa2e32 -> 
  custom:video-decoder-ogg-theora: a1e56fd34408186e4bbccfd4996cb3dc -> 
  custom:container-muxer-webm: aa71ff27fc2769a1b78a27578f13a17b -> 
  custom:container-demuxer-webm: 4f35f7cbe854078d1ac9338744f61a02 -> 
  custom:container-demuxer-ogg: 62fdf1f143b41e24485cea50d1cbac27 -> 
  custom:video-encoder-webm-vp8: eb34c28f22e8b96e1ab97ce403110664 -> 
  custom:video-codec-MediaFoundation-h265: 746d11721c4dcdbdad8f713fa42b33f4 -> 
  custom:video-decoder-webm-vp8: 9c59270c3fd7afecdb556c50c9e8de78 -> 
  custom:audio-decoder-ogg-vorbis: bf7c407c2cedff20999df2af8eb42d56 -> 
  custom:audio-encoder-webm-vorbis: bf7c407c2cedff20999df2af8eb42d56 -> 
========================================================================
Received Import Request.
  Time since last request: 86.822182 seconds.
  path: Assets/Scripts/CannonManager.cs
  artifactKey: Guid(43622e539462ec14dbcb4231955ddc91) Importer(815301076,1909f56bfc062723c751e8b465ee728b)
Start importing Assets/Scripts/CannonManager.cs using Guid(43622e539462ec14dbcb4231955ddc91) Importer(815301076,1909f56bfc062723c751e8b465ee728b)  -> (artifact id: '0d51835281775e62a01ea4ef5c351c0c') in 0.006828 seconds 
  Import took 0.011505 seconds .

========================================================================
Received Prepare
Registering precompiled user dll's ...
Registered in 0.005233 seconds.
Begin MonoManager ReloadAssembly
Native extension for WindowsStandalone target not found
Native extension for WebGL target not found
Refreshing native plugins compatible for Editor in 0.53 ms, found 2 plugins.
Preloading 0 native plugins for Editor in 0.00 ms.
Mono: successfully reloaded assembly
- Completed reload, in  1.635 seconds
Domain Reload Profiling:
	ReloadAssembly (1636ms)
		BeginReloadAssembly (186ms)
			ExecutionOrderSort (0ms)
			DisableScriptedObjects (5ms)
			BackupInstance (0ms)
			ReleaseScriptingObjects (0ms)
			CreateAndSetChildDomain (52ms)
		EndReloadAssembly (1318ms)
			LoadAssemblies (152ms)
			RebuildTransferFunctionScriptingTraits (0ms)
			SetupTypeCache (485ms)
			ReleaseScriptCaches (1ms)
			RebuildScriptCaches (60ms)
			SetupLoadedEditorAssemblies (488ms)
				LogAssemblyErrors (0ms)
				InitializePlatformSupportModulesInManaged (11ms)
				SetLoadedEditorAssemblies (0ms)
				RefreshPlugins (1ms)
				BeforeProcessingInitializeOnLoad (108ms)
				ProcessInitializeOnLoadAttributes (297ms)
				ProcessInitializeOnLoadMethodAttributes (53ms)
				AfterProcessingInitializeOnLoad (17ms)
				EditorAssembliesLoaded (0ms)
			ExecutionOrderSort2 (0ms)
			AwakeInstancesAfterBackupRestoration (11ms)
Platform modules already initialized, skipping
Refreshing native plugins compatible for Editor in 0.94 ms, found 2 plugins.
Preloading 0 native plugins for Editor in 0.00 ms.
Unloading 1856 Unused Serialized files (Serialized files now loaded: 0)
System memory in use before: 143.5 MB.
System memory in use after: 88.1 MB.

Unloading 25 unused Assets to reduce memory usage. Loaded Objects now: 2402.
Total: 6.966500 ms (FindLiveObjects: 0.187600 ms CreateObjectMapping: 0.055300 ms MarkObjects: 3.591600 ms  DeleteObjects: 3.130300 ms)

AssetImportParameters requested are different than current active one (requested -> active):
  custom:framework-win-MediaFoundation: 216162199b28c13a410421893ffa2e32 -> 
  custom:video-decoder-ogg-theora: a1e56fd34408186e4bbccfd4996cb3dc -> 
  custom:container-muxer-webm: aa71ff27fc2769a1b78a27578f13a17b -> 
  custom:container-demuxer-webm: 4f35f7cbe854078d1ac9338744f61a02 -> 
  custom:container-demuxer-ogg: 62fdf1f143b41e24485cea50d1cbac27 -> 
  custom:video-encoder-webm-vp8: eb34c28f22e8b96e1ab97ce403110664 -> 
  custom:video-codec-MediaFoundation-h265: 746d11721c4dcdbdad8f713fa42b33f4 -> 
  custom:video-decoder-webm-vp8: 9c59270c3fd7afecdb556c50c9e8de78 -> 
  custom:audio-decoder-ogg-vorbis: bf7c407c2cedff20999df2af8eb42d56 -> 
  custom:audio-encoder-webm-vorbis: bf7c407c2cedff20999df2af8eb42d56 -> 
========================================================================
Received Prepare
Registering precompiled user dll's ...
Registered in 0.012008 seconds.
Begin MonoManager ReloadAssembly
Native extension for WindowsStandalone target not found
Native extension for WebGL target not found
Refreshing native plugins compatible for Editor in 0.44 ms, found 2 plugins.
Preloading 0 native plugins for Editor in 0.00 ms.
Mono: successfully reloaded assembly
- Completed reload, in  1.504 seconds
Domain Reload Profiling:
	ReloadAssembly (1505ms)
		BeginReloadAssembly (153ms)
			ExecutionOrderSort (0ms)
			DisableScriptedObjects (11ms)
			BackupInstance (0ms)
			ReleaseScriptingObjects (0ms)
			CreateAndSetChildDomain (50ms)
		EndReloadAssembly (1246ms)
			LoadAssemblies (130ms)
			RebuildTransferFunctionScriptingTraits (0ms)
			SetupTypeCache (458ms)
			ReleaseScriptCaches (2ms)
			RebuildScriptCaches (66ms)
			SetupLoadedEditorAssemblies (441ms)
				LogAssemblyErrors (0ms)
				InitializePlatformSupportModulesInManaged (9ms)
				SetLoadedEditorAssemblies (1ms)
				RefreshPlugins (1ms)
				BeforeProcessingInitializeOnLoad (104ms)
				ProcessInitializeOnLoadAttributes (289ms)
				ProcessInitializeOnLoadMethodAttributes (29ms)
				AfterProcessingInitializeOnLoad (9ms)
				EditorAssembliesLoaded (0ms)
			ExecutionOrderSort2 (0ms)
			AwakeInstancesAfterBackupRestoration (14ms)
Platform modules already initialized, skipping
Refreshing native plugins compatible for Editor in 0.70 ms, found 2 plugins.
Preloading 0 native plugins for Editor in 0.00 ms.
Unloading 1856 Unused Serialized files (Serialized files now loaded: 0)
System memory in use before: 143.5 MB.
System memory in use after: 88.1 MB.

Unloading 25 unused Assets to reduce memory usage. Loaded Objects now: 2408.
Total: 8.239300 ms (FindLiveObjects: 0.204200 ms CreateObjectMapping: 0.075500 ms MarkObjects: 3.849700 ms  DeleteObjects: 4.108100 ms)

AssetImportParameters requested are different than current active one (requested -> active):
  custom:framework-win-MediaFoundation: 216162199b28c13a410421893ffa2e32 -> 
  custom:video-decoder-ogg-theora: a1e56fd34408186e4bbccfd4996cb3dc -> 
  custom:container-muxer-webm: aa71ff27fc2769a1b78a27578f13a17b -> 
  custom:container-demuxer-webm: 4f35f7cbe854078d1ac9338744f61a02 -> 
  custom:container-demuxer-ogg: 62fdf1f143b41e24485cea50d1cbac27 -> 
  custom:video-encoder-webm-vp8: eb34c28f22e8b96e1ab97ce403110664 -> 
  custom:video-codec-MediaFoundation-h265: 746d11721c4dcdbdad8f713fa42b33f4 -> 
  custom:video-decoder-webm-vp8: 9c59270c3fd7afecdb556c50c9e8de78 -> 
  custom:audio-decoder-ogg-vorbis: bf7c407c2cedff20999df2af8eb42d56 -> 
  custom:audio-encoder-webm-vorbis: bf7c407c2cedff20999df2af8eb42d56 -> 
AssetImportWorkerClient::OnTransportError - code=2 error=End of file
